#
# There is insufficient memory for the Java Runtime Environment to continue.
# Native memory allocation (malloc) failed to allocate 1312976 bytes for Chunk::new
# Possible reasons:
#   The system is out of physical RAM or swap space
#   The process is running with CompressedOops enabled, and the Java Heap may be blocking the growth of the native heap
# Possible solutions:
#   Reduce memory load on the system
#   Increase physical memory or swap space
#   Check if swap backing store is full
#   Decrease Java heap size (-Xmx/-Xms)
#   Decrease number of Java threads
#   Decrease Java thread stack sizes (-Xss)
#   Set larger code cache with -XX:ReservedCodeCacheSize=
#   JVM is running with Unscaled Compressed Oops mode in which the Java heap is
#     placed in the first 4GB address space. The Java Heap base address is the
#     maximum limit for the native heap growth. Please use -XX:HeapBaseMinAddress
#     to set the Java Heap base and to place the Java Heap above 4GB virtual address.
# This output file may be truncated or incomplete.
#
#  Out of Memory Error (./src/hotspot/share/memory/arena.cpp:197), pid=13592, tid=8248
#
# JRE version: OpenJDK Runtime Environment (11.0.11+9) (build 11.0.11+9-b60-7590822)
# Java VM: OpenJDK 64-Bit Server VM (11.0.11+9-b60-7590822, mixed mode, tiered, compressed oops, g1 gc, windows-amd64)
# No core dump will be written. Minidumps are not enabled by default on client versions of Windows
#

---------------  S U M M A R Y ------------

Command Line: --add-opens=java.base/java.util=ALL-UNNAMED --add-opens=java.base/java.lang=ALL-UNNAMED --add-opens=java.base/java.lang.invoke=ALL-UNNAMED --add-opens=java.base/java.util=ALL-UNNAMED --add-opens=java.prefs/java.util.prefs=ALL-UNNAMED --add-opens=java.prefs/java.util.prefs=ALL-UNNAMED --add-opens=java.base/java.nio.charset=ALL-UNNAMED --add-opens=java.base/java.net=ALL-UNNAMED --add-opens=java.base/java.util.concurrent.atomic=ALL-UNNAMED -Xmx2048m -Dfile.encoding=UTF-8 -Duser.country=US -Duser.language=en -Duser.variant org.gradle.launcher.daemon.bootstrap.GradleDaemon 7.2

Host: Intel(R) Core(TM) i3-6006U CPU @ 2.00GHz, 4 cores, 15G,  Windows 10 , 64 bit Build 19041 (10.0.19041.1566)
Time: Mon Mar 28 18:56:15 2022 Russia TZ 2 Standard Time elapsed time: 20368.388084 seconds (0d 5h 39m 28s)

---------------  T H R E A D  ---------------

Current thread (0x00000210a9472800):  JavaThread "C2 CompilerThread0" daemon [_thread_in_native, id=8248, stack(0x000000a054000000,0x000000a054100000)]


Current CompileTask:
C2:20368388 30273       4       org.gradle.api.internal.artifacts.ivyservice.modulecache.ModuleMetadataCacheEntry::configure (17 bytes)

Stack: [0x000000a054000000,0x000000a054100000]
Native frames: (J=compiled Java code, j=interpreted, Vv=VM code, C=native code)
V  [jvm.dll+0x5f214a]
V  [jvm.dll+0x726fb5]
V  [jvm.dll+0x7285cd]
V  [jvm.dll+0x728c83]
V  [jvm.dll+0x243278]
V  [jvm.dll+0xbc53c]
V  [jvm.dll+0xbca3c]
V  [jvm.dll+0x353e7d]
V  [jvm.dll+0x321893]
V  [jvm.dll+0x320d8a]
V  [jvm.dll+0x1fc1e2]
V  [jvm.dll+0x1fb3d4]
V  [jvm.dll+0x183d6c]
V  [jvm.dll+0x209a57]
V  [jvm.dll+0x2082a1]
V  [jvm.dll+0x6ef58f]
V  [jvm.dll+0x6e80b5]
V  [jvm.dll+0x5f1036]
C  [ucrtbase.dll+0x21bb2]
C  [KERNEL32.DLL+0x17034]
C  [ntdll.dll+0x52651]


---------------  P R O C E S S  ---------------

Threads class SMR info:
_java_thread_list=0x00000210b40399c0, length=45, elements={
0x000002108efad000, 0x00000210a9402800, 0x00000210a9404000, 0x00000210a9427800,
0x00000210a942a800, 0x00000210a942c000, 0x00000210a9472800, 0x00000210a9473800,
0x00000210a94dc000, 0x00000210a95cf800, 0x00000210aaaa8000, 0x00000210ac14d800,
0x00000210ab057000, 0x00000210aa2c4800, 0x00000210aa2c6000, 0x00000210aa2c3800,
0x00000210aa2c2000, 0x00000210aa2c8000, 0x00000210add38000, 0x00000210add3c000,
0x00000210add39800, 0x00000210add3e800, 0x00000210add3a800, 0x00000210aa739800,
0x00000210aa738800, 0x00000210aa740000, 0x00000210ae937800, 0x00000210ae93a000,
0x00000210aa742800, 0x00000210aa743000, 0x00000210aa73d800, 0x00000210aefb2000,
0x00000210aefa6800, 0x00000210aefa9000, 0x00000210aefa6000, 0x00000210aefa4000,
0x00000210aefaa800, 0x00000210aefaa000, 0x00000210aefa5000, 0x00000210aefad000,
0x00000210aefab800, 0x00000210aefac800, 0x00000210aefa7800, 0x00000210aefae000,
0x00000210aefa8800
}

Java Threads: ( => current thread )
  0x000002108efad000 JavaThread "main" [_thread_blocked, id=13812, stack(0x000000a053400000,0x000000a053500000)]
  0x00000210a9402800 JavaThread "Reference Handler" daemon [_thread_blocked, id=4952, stack(0x000000a053b00000,0x000000a053c00000)]
  0x00000210a9404000 JavaThread "Finalizer" daemon [_thread_blocked, id=16104, stack(0x000000a053c00000,0x000000a053d00000)]
  0x00000210a9427800 JavaThread "Signal Dispatcher" daemon [_thread_blocked, id=3700, stack(0x000000a053d00000,0x000000a053e00000)]
  0x00000210a942a800 JavaThread "Attach Listener" daemon [_thread_blocked, id=11548, stack(0x000000a053e00000,0x000000a053f00000)]
  0x00000210a942c000 JavaThread "Service Thread" daemon [_thread_blocked, id=13088, stack(0x000000a053f00000,0x000000a054000000)]
=>0x00000210a9472800 JavaThread "C2 CompilerThread0" daemon [_thread_in_native, id=8248, stack(0x000000a054000000,0x000000a054100000)]
  0x00000210a9473800 JavaThread "C1 CompilerThread0" daemon [_thread_blocked, id=17476, stack(0x000000a054100000,0x000000a054200000)]
  0x00000210a94dc000 JavaThread "Sweeper thread" daemon [_thread_blocked, id=13460, stack(0x000000a054200000,0x000000a054300000)]
  0x00000210a95cf800 JavaThread "Common-Cleaner" daemon [_thread_blocked, id=13056, stack(0x000000a054300000,0x000000a054400000)]
  0x00000210aaaa8000 JavaThread "Daemon health stats" [_thread_blocked, id=14980, stack(0x000000a054800000,0x000000a054900000)]
  0x00000210ac14d800 JavaThread "Incoming local TCP Connector on port 58745" [_thread_in_native, id=14384, stack(0x000000a054900000,0x000000a054a00000)]
  0x00000210ab057000 JavaThread "Daemon periodic checks" [_thread_blocked, id=8120, stack(0x000000a054a00000,0x000000a054b00000)]
  0x00000210aa2c4800 JavaThread "Cache worker for journal cache (C:\Users\User\.gradle\caches\journal-1)" [_thread_blocked, id=13452, stack(0x000000a055200000,0x000000a055300000)]
  0x00000210aa2c6000 JavaThread "File lock request listener" [_thread_in_native, id=19436, stack(0x000000a055300000,0x000000a055400000)]
  0x00000210aa2c3800 JavaThread "Cache worker for file hash cache (C:\Users\User\.gradle\caches\7.2\fileHashes)" [_thread_blocked, id=2444, stack(0x000000a055400000,0x000000a055500000)]
  0x00000210aa2c2000 JavaThread "File watcher server" daemon [_thread_in_native, id=13776, stack(0x000000a055500000,0x000000a055600000)]
  0x00000210aa2c8000 JavaThread "File watcher consumer" daemon [_thread_blocked, id=14076, stack(0x000000a055700000,0x000000a055800000)]
  0x00000210add38000 JavaThread "Cache worker for execution history cache (C:\Users\User\.gradle\caches\7.2\executionHistory)" [_thread_blocked, id=10364, stack(0x000000a053300000,0x000000a053400000)]
  0x00000210add3c000 JavaThread "jar transforms" [_thread_blocked, id=9416, stack(0x000000a055c00000,0x000000a055d00000)]
  0x00000210add39800 JavaThread "Cache worker for file content cache (C:\Users\User\.gradle\caches\7.2\fileContent)" [_thread_blocked, id=7428, stack(0x000000a055b00000,0x000000a055c00000)]
  0x00000210add3e800 JavaThread "jar transforms Thread 2" [_thread_blocked, id=15488, stack(0x000000a055d00000,0x000000a055e00000)]
  0x00000210add3a800 JavaThread "jar transforms Thread 3" [_thread_blocked, id=888, stack(0x000000a055f00000,0x000000a056000000)]
  0x00000210aa739800 JavaThread "jar transforms Thread 4" [_thread_blocked, id=13064, stack(0x000000a058c00000,0x000000a058d00000)]
  0x00000210aa738800 JavaThread "Memory manager" [_thread_blocked, id=11900, stack(0x000000a058b00000,0x000000a058c00000)]
  0x00000210aa740000 JavaThread "RMI Scheduler(0)" daemon [_thread_blocked, id=2480, stack(0x000000a055000000,0x000000a055100000)]
  0x00000210ae937800 JavaThread "RMI TCP Accept-0" daemon [_thread_in_native, id=2232, stack(0x000000a059800000,0x000000a059900000)]
  0x00000210ae93a000 JavaThread "Cache worker for Java compile cache (C:\Users\User\.gradle\caches\7.2\javaCompile)" [_thread_blocked, id=2632, stack(0x000000a059600000,0x000000a059700000)]
  0x00000210aa742800 JavaThread "RMI RenewClean-[127.0.0.1:17167,org.jetbrains.kotlin.daemon.common.LoopbackNetworkInterface$ClientLoopbackSocketFactory@5dcded6e]" daemon [_thread_blocked, id=19000, stack(0x000000a055a00000,0x000000a055b00000)]
  0x00000210aa743000 JavaThread "RMI GC Daemon" daemon [_thread_blocked, id=2304, stack(0x000000a059100000,0x000000a059200000)]
  0x00000210aa73d800 JavaThread "RMI Reaper" [_thread_blocked, id=7868, stack(0x000000a059200000,0x000000a059300000)]
  0x00000210aefb2000 JavaThread "ForkJoinPool.commonPool-worker-1" daemon [_thread_blocked, id=13260, stack(0x000000a05a400000,0x000000a05a500000)]
  0x00000210aefa6800 JavaThread "Daemon Thread 26" [_thread_blocked, id=16180, stack(0x000000a053100000,0x000000a053200000)]
  0x00000210aefa9000 JavaThread "Handler for socket connection from /127.0.0.1:58745 to /127.0.0.1:64934" [_thread_in_native, id=9460, stack(0x000000a053200000,0x000000a053300000)]
  0x00000210aefa6000 JavaThread "Cancel handler" [_thread_blocked, id=14472, stack(0x000000a054b00000,0x000000a054c00000)]
  0x00000210aefa4000 JavaThread "Daemon worker Thread 26" [_thread_in_native, id=9968, stack(0x000000a054c00000,0x000000a054d00000)]
  0x00000210aefaa800 JavaThread "Asynchronous log dispatcher for DefaultDaemonConnection: socket connection from /127.0.0.1:58745 to /127.0.0.1:64934" [_thread_blocked, id=13048, stack(0x000000a054d00000,0x000000a054e00000)]
  0x00000210aefaa000 JavaThread "Stdin handler" [_thread_blocked, id=18872, stack(0x000000a054e00000,0x000000a054f00000)]
  0x00000210aefa5000 JavaThread "Daemon client event forwarder" [_thread_blocked, id=1012, stack(0x000000a054f00000,0x000000a055000000)]
  0x00000210aefad000 JavaThread "Cache worker for file hash cache (C:\Users\User\AndroidStudioProjects\vk_voice\.gradle\7.2\fileHashes)" [_thread_blocked, id=17308, stack(0x000000a055100000,0x000000a055200000)]
  0x00000210aefab800 JavaThread "Cache worker for checksums cache (C:\Users\User\AndroidStudioProjects\vk_voice\.gradle\checksums)" [_thread_blocked, id=640, stack(0x000000a055600000,0x000000a055700000)]
  0x00000210aefac800 JavaThread "Cache worker for cache directory md-supplier (C:\Users\User\.gradle\caches\7.2\md-supplier)" [_thread_blocked, id=14572, stack(0x000000a055800000,0x000000a055900000)]
  0x00000210aefa7800 JavaThread "Cache worker for cache directory md-rule (C:\Users\User\.gradle\caches\7.2\md-rule)" [_thread_blocked, id=16084, stack(0x000000a055900000,0x000000a055a00000)]
  0x00000210aefae000 JavaThread "Cache worker for dependencies-accessors (C:\Users\User\AndroidStudioProjects\vk_voice\.gradle\7.2\dependencies-accessors)" [_thread_blocked, id=11744, stack(0x000000a055e00000,0x000000a055f00000)]
  0x00000210aefa8800 JavaThread "Cache worker for Build Output Cleanup Cache (C:\Users\User\AndroidStudioProjects\vk_voice\.gradle\buildOutputCleanup)" [_thread_blocked, id=10416, stack(0x000000a056000000,0x000000a056100000)]

Other Threads:
  0x00000210a8bd5800 VMThread "VM Thread" [stack: 0x000000a053a00000,0x000000a053b00000] [id=5148]
  0x00000210a963d000 WatcherThread [stack: 0x000000a054400000,0x000000a054500000] [id=16460]
  0x000002108efc6800 GCTaskThread "GC Thread#0" [stack: 0x000000a053500000,0x000000a053600000] [id=14452]
  0x00000210a9eb2800 GCTaskThread "GC Thread#1" [stack: 0x000000a054500000,0x000000a054600000] [id=5540]
  0x00000210a99c5800 GCTaskThread "GC Thread#2" [stack: 0x000000a054600000,0x000000a054700000] [id=7348]
  0x00000210a9ea5800 GCTaskThread "GC Thread#3" [stack: 0x000000a054700000,0x000000a054800000] [id=19140]
  0x000002108eff6000 ConcurrentGCThread "G1 Main Marker" [stack: 0x000000a053600000,0x000000a053700000] [id=11796]
  0x000002108eff7800 ConcurrentGCThread "G1 Conc#0" [stack: 0x000000a053700000,0x000000a053800000] [id=3140]
  0x00000210a8a44800 ConcurrentGCThread "G1 Refine#0" [stack: 0x000000a053800000,0x000000a053900000] [id=9628]
  0x00000210a8a45800 ConcurrentGCThread "G1 Young RemSet Sampling" [stack: 0x000000a053900000,0x000000a053a00000] [id=17044]

Threads with active compile tasks:
C2 CompilerThread020368537 30273       4       org.gradle.api.internal.artifacts.ivyservice.modulecache.ModuleMetadataCacheEntry::configure (17 bytes)

VM state:not at safepoint (normal execution)

VM Mutex/Monitor currently owned by a thread: None

Heap address: 0x0000000080000000, size: 2048 MB, Compressed Oops mode: 32-bit
Narrow klass base: 0x0000000000000000, Narrow klass shift: 3
Compressed class space size: 1073741824 Address: 0x0000000100000000

Heap:
 garbage-first heap   total 262144K, used 93210K [0x0000000080000000, 0x0000000100000000)
  region size 1024K, 7 young (7168K), 3 survivors (3072K)
 Metaspace       used 125725K, capacity 130635K, committed 132540K, reserved 1163264K
  class space    used 15745K, capacity 17512K, committed 18072K, reserved 1048576K
Heap Regions: E=young(eden), S=young(survivor), O=old, HS=humongous(starts), HC=humongous(continues), CS=collection set, F=free, A=archive, TAMS=top-at-mark-start (previous, next)
|   0|0x0000000080000000, 0x00000000800ffff8, 0x0000000080100000| 99%| O|  |TAMS 0x0000000080000000, 0x0000000080000000| Untracked 
|   1|0x0000000080100000, 0x00000000801fffb8, 0x0000000080200000| 99%| O|  |TAMS 0x0000000080100000, 0x0000000080100000| Untracked 
|   2|0x0000000080200000, 0x00000000802fad08, 0x0000000080300000| 97%| O|  |TAMS 0x0000000080200000, 0x0000000080200000| Untracked 
|   3|0x0000000080300000, 0x0000000080400000, 0x0000000080400000|100%|HS|  |TAMS 0x0000000080300000, 0x0000000080300000| Untracked 
|   4|0x0000000080400000, 0x0000000080500000, 0x0000000080500000|100%|HC|  |TAMS 0x0000000080400000, 0x0000000080400000| Untracked 
|   5|0x0000000080500000, 0x0000000080600000, 0x0000000080600000|100%|HC|  |TAMS 0x0000000080500000, 0x0000000080500000| Untracked 
|   6|0x0000000080600000, 0x00000000806a5308, 0x0000000080700000| 64%| O|  |TAMS 0x0000000080600000, 0x0000000080600000| Untracked 
|   7|0x0000000080700000, 0x00000000807f4de8, 0x0000000080800000| 95%| O|  |TAMS 0x0000000080700000, 0x0000000080700000| Untracked 
|   8|0x0000000080800000, 0x00000000808ffff0, 0x0000000080900000| 99%| O|  |TAMS 0x0000000080800000, 0x0000000080800000| Untracked 
|   9|0x0000000080900000, 0x0000000080a00000, 0x0000000080a00000|100%|HS|  |TAMS 0x0000000080900000, 0x0000000080900000| Untracked 
|  10|0x0000000080a00000, 0x0000000080b00000, 0x0000000080b00000|100%|HS|  |TAMS 0x0000000080a00000, 0x0000000080a00000| Untracked 
|  11|0x0000000080b00000, 0x0000000080c00000, 0x0000000080c00000|100%|HS|  |TAMS 0x0000000080b00000, 0x0000000080b00000| Untracked 
|  12|0x0000000080c00000, 0x0000000080d00000, 0x0000000080d00000|100%|HS|  |TAMS 0x0000000080c00000, 0x0000000080c00000| Untracked 
|  13|0x0000000080d00000, 0x0000000080dffff0, 0x0000000080e00000| 99%| O|  |TAMS 0x0000000080d00000, 0x0000000080d00000| Untracked 
|  14|0x0000000080e00000, 0x0000000080eef758, 0x0000000080f00000| 93%| O|  |TAMS 0x0000000080e00000, 0x0000000080e00000| Untracked 
|  15|0x0000000080f00000, 0x0000000081000000, 0x0000000081000000|100%| O|  |TAMS 0x0000000080f00000, 0x0000000080f00000| Untracked 
|  16|0x0000000081000000, 0x00000000810fffc8, 0x0000000081100000| 99%| O|  |TAMS 0x0000000081000000, 0x0000000081000000| Untracked 
|  17|0x0000000081100000, 0x00000000811ffeb0, 0x0000000081200000| 99%| O|  |TAMS 0x0000000081100000, 0x0000000081100000| Untracked 
|  18|0x0000000081200000, 0x00000000812ffff8, 0x0000000081300000| 99%| O|  |TAMS 0x0000000081200000, 0x0000000081200000| Untracked 
|  19|0x0000000081300000, 0x00000000813fb988, 0x0000000081400000| 98%| O|  |TAMS 0x0000000081300000, 0x0000000081300000| Untracked 
|  20|0x0000000081400000, 0x00000000814ffff8, 0x0000000081500000| 99%| O|  |TAMS 0x0000000081400000, 0x0000000081400000| Untracked 
|  21|0x0000000081500000, 0x0000000081600000, 0x0000000081600000|100%|HS|  |TAMS 0x0000000081500000, 0x0000000081500000| Untracked 
|  22|0x0000000081600000, 0x0000000081700000, 0x0000000081700000|100%|HC|  |TAMS 0x0000000081600000, 0x0000000081600000| Untracked 
|  23|0x0000000081700000, 0x0000000081800000, 0x0000000081800000|100%|HC|  |TAMS 0x0000000081700000, 0x0000000081700000| Untracked 
|  24|0x0000000081800000, 0x0000000081900000, 0x0000000081900000|100%|HS|  |TAMS 0x0000000081800000, 0x0000000081800000| Untracked 
|  25|0x0000000081900000, 0x0000000081a00000, 0x0000000081a00000|100%|HC|  |TAMS 0x0000000081900000, 0x0000000081900000| Untracked 
|  26|0x0000000081a00000, 0x0000000081afffe8, 0x0000000081b00000| 99%| O|  |TAMS 0x0000000081a00000, 0x0000000081a00000| Untracked 
|  27|0x0000000081b00000, 0x0000000081bffff8, 0x0000000081c00000| 99%| O|  |TAMS 0x0000000081b00000, 0x0000000081b00000| Untracked 
|  28|0x0000000081c00000, 0x0000000081cf9a00, 0x0000000081d00000| 97%| O|  |TAMS 0x0000000081c00000, 0x0000000081c00000| Untracked 
|  29|0x0000000081d00000, 0x0000000081dface0, 0x0000000081e00000| 97%| O|  |TAMS 0x0000000081d00000, 0x0000000081d00000| Untracked 
|  30|0x0000000081e00000, 0x0000000081efdef0, 0x0000000081f00000| 99%| O|  |TAMS 0x0000000081e00000, 0x0000000081e00000| Untracked 
|  31|0x0000000081f00000, 0x0000000081fff110, 0x0000000082000000| 99%| O|  |TAMS 0x0000000081f00000, 0x0000000081f00000| Untracked 
|  32|0x0000000082000000, 0x00000000820ffff0, 0x0000000082100000| 99%| O|  |TAMS 0x0000000082000000, 0x0000000082000000| Untracked 
|  33|0x0000000082100000, 0x00000000821fd1b8, 0x0000000082200000| 98%| O|  |TAMS 0x0000000082100000, 0x0000000082100000| Untracked 
|  34|0x0000000082200000, 0x00000000822fff98, 0x0000000082300000| 99%| O|  |TAMS 0x0000000082200000, 0x0000000082200000| Untracked 
|  35|0x0000000082300000, 0x00000000823fffe8, 0x0000000082400000| 99%| O|  |TAMS 0x0000000082300000, 0x0000000082300000| Untracked 
|  36|0x0000000082400000, 0x00000000824ffff8, 0x0000000082500000| 99%| O|  |TAMS 0x0000000082400000, 0x0000000082400000| Untracked 
|  37|0x0000000082500000, 0x00000000825fffb0, 0x0000000082600000| 99%| O|  |TAMS 0x0000000082500000, 0x0000000082500000| Untracked 
|  38|0x0000000082600000, 0x00000000826ffff8, 0x0000000082700000| 99%| O|  |TAMS 0x0000000082600000, 0x0000000082600000| Untracked 
|  39|0x0000000082700000, 0x00000000827fd878, 0x0000000082800000| 99%| O|  |TAMS 0x0000000082700000, 0x0000000082700000| Untracked 
|  40|0x0000000082800000, 0x00000000828ffff8, 0x0000000082900000| 99%| O|  |TAMS 0x0000000082800000, 0x0000000082800000| Untracked 
|  41|0x0000000082900000, 0x00000000829ff7b0, 0x0000000082a00000| 99%| O|  |TAMS 0x0000000082900000, 0x0000000082900000| Untracked 
|  42|0x0000000082a00000, 0x0000000082afffd8, 0x0000000082b00000| 99%| O|  |TAMS 0x0000000082a00000, 0x0000000082a00000| Untracked 
|  43|0x0000000082b00000, 0x0000000082bfff40, 0x0000000082c00000| 99%| O|  |TAMS 0x0000000082b00000, 0x0000000082b00000| Untracked 
|  44|0x0000000082c00000, 0x0000000082cffff0, 0x0000000082d00000| 99%| O|  |TAMS 0x0000000082c00000, 0x0000000082c00000| Untracked 
|  45|0x0000000082d00000, 0x0000000082dffff8, 0x0000000082e00000| 99%| O|  |TAMS 0x0000000082d00000, 0x0000000082d00000| Untracked 
|  46|0x0000000082e00000, 0x0000000082effff0, 0x0000000082f00000| 99%| O|  |TAMS 0x0000000082e00000, 0x0000000082e00000| Untracked 
|  47|0x0000000082f00000, 0x0000000082ffffe8, 0x0000000083000000| 99%| O|  |TAMS 0x0000000082f00000, 0x0000000082f00000| Untracked 
|  48|0x0000000083000000, 0x00000000830fffe0, 0x0000000083100000| 99%| O|  |TAMS 0x0000000083000000, 0x0000000083000000| Untracked 
|  49|0x0000000083100000, 0x0000000083200000, 0x0000000083200000|100%| O|  |TAMS 0x0000000083100000, 0x0000000083100000| Untracked 
|  50|0x0000000083200000, 0x00000000832fffe8, 0x0000000083300000| 99%| O|  |TAMS 0x0000000083200000, 0x0000000083200000| Untracked 
|  51|0x0000000083300000, 0x0000000083400000, 0x0000000083400000|100%| O|  |TAMS 0x0000000083300000, 0x0000000083300000| Untracked 
|  52|0x0000000083400000, 0x0000000083500000, 0x0000000083500000|100%| O|  |TAMS 0x0000000083400000, 0x0000000083400000| Untracked 
|  53|0x0000000083500000, 0x0000000083600000, 0x0000000083600000|100%| O|  |TAMS 0x0000000083500000, 0x0000000083500000| Untracked 
|  54|0x0000000083600000, 0x0000000083700000, 0x0000000083700000|100%| O|  |TAMS 0x0000000083600000, 0x0000000083600000| Untracked 
|  55|0x0000000083700000, 0x0000000083800000, 0x0000000083800000|100%| O|  |TAMS 0x0000000083700000, 0x0000000083700000| Untracked 
|  56|0x0000000083800000, 0x00000000838fffe0, 0x0000000083900000| 99%| O|  |TAMS 0x0000000083800000, 0x0000000083800000| Untracked 
|  57|0x0000000083900000, 0x00000000839fffb0, 0x0000000083a00000| 99%| O|  |TAMS 0x0000000083900000, 0x0000000083900000| Untracked 
|  58|0x0000000083a00000, 0x0000000083afffd0, 0x0000000083b00000| 99%| O|  |TAMS 0x0000000083a00000, 0x0000000083a00000| Untracked 
|  59|0x0000000083b00000, 0x0000000083c00000, 0x0000000083c00000|100%| O|  |TAMS 0x0000000083b00000, 0x0000000083b00000| Untracked 
|  60|0x0000000083c00000, 0x0000000083cffff8, 0x0000000083d00000| 99%| O|  |TAMS 0x0000000083c00000, 0x0000000083c00000| Untracked 
|  61|0x0000000083d00000, 0x0000000083dffff8, 0x0000000083e00000| 99%| O|  |TAMS 0x0000000083d00000, 0x0000000083d00000| Untracked 
|  62|0x0000000083e00000, 0x0000000083f00000, 0x0000000083f00000|100%| O|  |TAMS 0x0000000083e00000, 0x0000000083e00000| Untracked 
|  63|0x0000000083f00000, 0x0000000084000000, 0x0000000084000000|100%| O|  |TAMS 0x0000000083f00000, 0x0000000083f00000| Untracked 
|  64|0x0000000084000000, 0x0000000084100000, 0x0000000084100000|100%| O|  |TAMS 0x0000000084000000, 0x0000000084000000| Untracked 
|  65|0x0000000084100000, 0x00000000841ffff8, 0x0000000084200000| 99%| O|  |TAMS 0x0000000084100000, 0x0000000084100000| Untracked 
|  66|0x0000000084200000, 0x00000000842ffff8, 0x0000000084300000| 99%| O|  |TAMS 0x0000000084200000, 0x0000000084200000| Untracked 
|  67|0x0000000084300000, 0x00000000843ffff8, 0x0000000084400000| 99%| O|  |TAMS 0x0000000084300000, 0x0000000084300000| Untracked 
|  68|0x0000000084400000, 0x00000000844fffd8, 0x0000000084500000| 99%| O|  |TAMS 0x0000000084400000, 0x0000000084400000| Untracked 
|  69|0x0000000084500000, 0x00000000845ffff0, 0x0000000084600000| 99%| O|  |TAMS 0x0000000084500000, 0x0000000084500000| Untracked 
|  70|0x0000000084600000, 0x0000000084700000, 0x0000000084700000|100%| O|  |TAMS 0x0000000084600000, 0x0000000084600000| Untracked 
|  71|0x0000000084700000, 0x00000000847ffef8, 0x0000000084800000| 99%| O|  |TAMS 0x0000000084700000, 0x0000000084700000| Untracked 
|  72|0x0000000084800000, 0x0000000084900000, 0x0000000084900000|100%| O|  |TAMS 0x0000000084800000, 0x0000000084800000| Untracked 
|  73|0x0000000084900000, 0x00000000849feab0, 0x0000000084a00000| 99%| O|  |TAMS 0x0000000084900000, 0x0000000084900000| Untracked 
|  74|0x0000000084a00000, 0x0000000084affff8, 0x0000000084b00000| 99%| O|  |TAMS 0x0000000084a00000, 0x0000000084a00000| Untracked 
|  75|0x0000000084b00000, 0x0000000084bfffd8, 0x0000000084c00000| 99%| O|  |TAMS 0x0000000084b00000, 0x0000000084b00000| Untracked 
|  76|0x0000000084c00000, 0x0000000084cfffd8, 0x0000000084d00000| 99%| O|  |TAMS 0x0000000084c00000, 0x0000000084c00000| Untracked 
|  77|0x0000000084d00000, 0x0000000084dfffe8, 0x0000000084e00000| 99%| O|  |TAMS 0x0000000084d00000, 0x0000000084d00000| Untracked 
|  78|0x0000000084e00000, 0x0000000084effff0, 0x0000000084f00000| 99%| O|  |TAMS 0x0000000084e00000, 0x0000000084e00000| Untracked 
|  79|0x0000000084f00000, 0x0000000084fb95b0, 0x0000000085000000| 72%| O|  |TAMS 0x0000000084f00000, 0x0000000084f00000| Untracked 
|  80|0x0000000085000000, 0x0000000085000000, 0x0000000085100000|  0%| F|  |TAMS 0x0000000085000000, 0x0000000085000000| Untracked 
|  81|0x0000000085100000, 0x0000000085100000, 0x0000000085200000|  0%| F|  |TAMS 0x0000000085100000, 0x0000000085100000| Untracked 
|  82|0x0000000085200000, 0x0000000085300000, 0x0000000085300000|100%| O|  |TAMS 0x0000000085200000, 0x0000000085200000| Untracked 
|  83|0x0000000085300000, 0x00000000853a7890, 0x0000000085400000| 65%| O|  |TAMS 0x0000000085300000, 0x0000000085300000| Untracked 
|  84|0x0000000085400000, 0x0000000085400000, 0x0000000085500000|  0%| F|  |TAMS 0x0000000085400000, 0x0000000085400000| Untracked 
|  85|0x0000000085500000, 0x0000000085500000, 0x0000000085600000|  0%| F|  |TAMS 0x0000000085500000, 0x0000000085500000| Untracked 
|  86|0x0000000085600000, 0x0000000085600000, 0x0000000085700000|  0%| F|  |TAMS 0x0000000085600000, 0x0000000085600000| Untracked 
|  87|0x0000000085700000, 0x0000000085700000, 0x0000000085800000|  0%| F|  |TAMS 0x0000000085700000, 0x0000000085700000| Untracked 
|  88|0x0000000085800000, 0x0000000085800000, 0x0000000085900000|  0%| F|  |TAMS 0x0000000085800000, 0x0000000085800000| Untracked 
|  89|0x0000000085900000, 0x0000000085900000, 0x0000000085a00000|  0%| F|  |TAMS 0x0000000085900000, 0x0000000085900000| Untracked 
|  90|0x0000000085a00000, 0x0000000085a00000, 0x0000000085b00000|  0%| F|  |TAMS 0x0000000085a00000, 0x0000000085a00000| Untracked 
|  91|0x0000000085b00000, 0x0000000085b00000, 0x0000000085c00000|  0%| F|  |TAMS 0x0000000085b00000, 0x0000000085b00000| Untracked 
|  92|0x0000000085c00000, 0x0000000085c00000, 0x0000000085d00000|  0%| F|  |TAMS 0x0000000085c00000, 0x0000000085c00000| Untracked 
|  93|0x0000000085d00000, 0x0000000085d00000, 0x0000000085e00000|  0%| F|  |TAMS 0x0000000085d00000, 0x0000000085d00000| Untracked 
|  94|0x0000000085e00000, 0x0000000085f00000, 0x0000000085f00000|100%| O|  |TAMS 0x0000000085e00000, 0x0000000085e00000| Untracked 
|  95|0x0000000085f00000, 0x0000000086000000, 0x0000000086000000|100%| O|  |TAMS 0x0000000085f00000, 0x0000000085f00000| Untracked 
|  96|0x0000000086000000, 0x000000008607d000, 0x0000000086100000| 48%| O|  |TAMS 0x0000000086000000, 0x0000000086000000| Untracked 
|  97|0x0000000086100000, 0x0000000086100000, 0x0000000086200000|  0%| F|  |TAMS 0x0000000086100000, 0x0000000086100000| Untracked 
|  98|0x0000000086200000, 0x0000000086200000, 0x0000000086300000|  0%| F|  |TAMS 0x0000000086200000, 0x0000000086200000| Untracked 
|  99|0x0000000086300000, 0x0000000086300000, 0x0000000086400000|  0%| F|  |TAMS 0x0000000086300000, 0x0000000086300000| Untracked 
| 100|0x0000000086400000, 0x0000000086400000, 0x0000000086500000|  0%| F|  |TAMS 0x0000000086400000, 0x0000000086400000| Untracked 
| 101|0x0000000086500000, 0x0000000086500000, 0x0000000086600000|  0%| F|  |TAMS 0x0000000086500000, 0x0000000086500000| Untracked 
| 102|0x0000000086600000, 0x0000000086600000, 0x0000000086700000|  0%| F|  |TAMS 0x0000000086600000, 0x0000000086600000| Untracked 
| 103|0x0000000086700000, 0x0000000086700000, 0x0000000086800000|  0%| F|  |TAMS 0x0000000086700000, 0x0000000086700000| Untracked 
| 104|0x0000000086800000, 0x0000000086800000, 0x0000000086900000|  0%| F|  |TAMS 0x0000000086800000, 0x0000000086800000| Untracked 
| 105|0x0000000086900000, 0x0000000086900000, 0x0000000086a00000|  0%| F|  |TAMS 0x0000000086900000, 0x0000000086900000| Untracked 
| 106|0x0000000086a00000, 0x0000000086a00000, 0x0000000086b00000|  0%| F|  |TAMS 0x0000000086a00000, 0x0000000086a00000| Untracked 
| 107|0x0000000086b00000, 0x0000000086b00000, 0x0000000086c00000|  0%| F|  |TAMS 0x0000000086b00000, 0x0000000086b00000| Untracked 
| 108|0x0000000086c00000, 0x0000000086c00000, 0x0000000086d00000|  0%| F|  |TAMS 0x0000000086c00000, 0x0000000086c00000| Untracked 
| 109|0x0000000086d00000, 0x0000000086d00000, 0x0000000086e00000|  0%| F|  |TAMS 0x0000000086d00000, 0x0000000086d00000| Untracked 
| 110|0x0000000086e00000, 0x0000000086e00000, 0x0000000086f00000|  0%| F|  |TAMS 0x0000000086e00000, 0x0000000086e00000| Untracked 
| 111|0x0000000086f00000, 0x0000000086f00000, 0x0000000087000000|  0%| F|  |TAMS 0x0000000086f00000, 0x0000000086f00000| Untracked 
| 112|0x0000000087000000, 0x0000000087000000, 0x0000000087100000|  0%| F|  |TAMS 0x0000000087000000, 0x0000000087000000| Untracked 
| 113|0x0000000087100000, 0x0000000087100000, 0x0000000087200000|  0%| F|  |TAMS 0x0000000087100000, 0x0000000087100000| Untracked 
| 114|0x0000000087200000, 0x0000000087200000, 0x0000000087300000|  0%| F|  |TAMS 0x0000000087200000, 0x0000000087200000| Untracked 
| 115|0x0000000087300000, 0x0000000087300000, 0x0000000087400000|  0%| F|  |TAMS 0x0000000087300000, 0x0000000087300000| Untracked 
| 116|0x0000000087400000, 0x0000000087400000, 0x0000000087500000|  0%| F|  |TAMS 0x0000000087400000, 0x0000000087400000| Untracked 
| 117|0x0000000087500000, 0x0000000087500000, 0x0000000087600000|  0%| F|  |TAMS 0x0000000087500000, 0x0000000087500000| Untracked 
| 118|0x0000000087600000, 0x0000000087600000, 0x0000000087700000|  0%| F|  |TAMS 0x0000000087600000, 0x0000000087600000| Untracked 
| 119|0x0000000087700000, 0x0000000087700000, 0x0000000087800000|  0%| F|  |TAMS 0x0000000087700000, 0x0000000087700000| Untracked 
| 120|0x0000000087800000, 0x0000000087800000, 0x0000000087900000|  0%| F|  |TAMS 0x0000000087800000, 0x0000000087800000| Untracked 
| 121|0x0000000087900000, 0x0000000087900000, 0x0000000087a00000|  0%| F|  |TAMS 0x0000000087900000, 0x0000000087900000| Untracked 
| 122|0x0000000087a00000, 0x0000000087a00000, 0x0000000087b00000|  0%| F|  |TAMS 0x0000000087a00000, 0x0000000087a00000| Untracked 
| 123|0x0000000087b00000, 0x0000000087b00000, 0x0000000087c00000|  0%| F|  |TAMS 0x0000000087b00000, 0x0000000087b00000| Untracked 
| 124|0x0000000087c00000, 0x0000000087c00000, 0x0000000087d00000|  0%| F|  |TAMS 0x0000000087c00000, 0x0000000087c00000| Untracked 
| 125|0x0000000087d00000, 0x0000000087d00000, 0x0000000087e00000|  0%| F|  |TAMS 0x0000000087d00000, 0x0000000087d00000| Untracked 
| 126|0x0000000087e00000, 0x0000000087e00000, 0x0000000087f00000|  0%| F|  |TAMS 0x0000000087e00000, 0x0000000087e00000| Untracked 
| 127|0x0000000087f00000, 0x0000000087f00000, 0x0000000088000000|  0%| F|  |TAMS 0x0000000087f00000, 0x0000000087f00000| Untracked 
| 128|0x0000000088000000, 0x0000000088000000, 0x0000000088100000|  0%| F|  |TAMS 0x0000000088000000, 0x0000000088000000| Untracked 
| 129|0x0000000088100000, 0x0000000088100000, 0x0000000088200000|  0%| F|  |TAMS 0x0000000088100000, 0x0000000088100000| Untracked 
| 130|0x0000000088200000, 0x0000000088200000, 0x0000000088300000|  0%| F|  |TAMS 0x0000000088200000, 0x0000000088200000| Untracked 
| 131|0x0000000088300000, 0x0000000088300000, 0x0000000088400000|  0%| F|  |TAMS 0x0000000088300000, 0x0000000088300000| Untracked 
| 132|0x0000000088400000, 0x0000000088400000, 0x0000000088500000|  0%| F|  |TAMS 0x0000000088400000, 0x0000000088400000| Untracked 
| 133|0x0000000088500000, 0x00000000885e5ce0, 0x0000000088600000| 89%| O|  |TAMS 0x0000000088500000, 0x0000000088500000| Untracked 
| 134|0x0000000088600000, 0x00000000886fffe8, 0x0000000088700000| 99%| O|  |TAMS 0x0000000088600000, 0x0000000088600000| Untracked 
| 135|0x0000000088700000, 0x0000000088700000, 0x0000000088800000|  0%| F|  |TAMS 0x0000000088700000, 0x0000000088700000| Untracked 
| 136|0x0000000088800000, 0x000000008886c398, 0x0000000088900000| 42%| S|CS|TAMS 0x0000000088800000, 0x0000000088800000| Complete 
| 137|0x0000000088900000, 0x0000000088a00000, 0x0000000088a00000|100%| S|CS|TAMS 0x0000000088900000, 0x0000000088900000| Complete 
| 138|0x0000000088a00000, 0x0000000088a6cfd8, 0x0000000088b00000| 42%| O|  |TAMS 0x0000000088a00000, 0x0000000088a00000| Untracked 
| 139|0x0000000088b00000, 0x0000000088c00000, 0x0000000088c00000|100%| S|CS|TAMS 0x0000000088b00000, 0x0000000088b00000| Complete 
| 140|0x0000000088c00000, 0x0000000088c00000, 0x0000000088d00000|  0%| F|  |TAMS 0x0000000088c00000, 0x0000000088c00000| Untracked 
| 141|0x0000000088d00000, 0x0000000088d00000, 0x0000000088e00000|  0%| F|  |TAMS 0x0000000088d00000, 0x0000000088d00000| Untracked 
| 142|0x0000000088e00000, 0x0000000088e00000, 0x0000000088f00000|  0%| F|  |TAMS 0x0000000088e00000, 0x0000000088e00000| Untracked 
| 143|0x0000000088f00000, 0x0000000088f00000, 0x0000000089000000|  0%| F|  |TAMS 0x0000000088f00000, 0x0000000088f00000| Untracked 
| 144|0x0000000089000000, 0x0000000089000000, 0x0000000089100000|  0%| F|  |TAMS 0x0000000089000000, 0x0000000089000000| Untracked 
| 145|0x0000000089100000, 0x0000000089100000, 0x0000000089200000|  0%| F|  |TAMS 0x0000000089100000, 0x0000000089100000| Untracked 
| 146|0x0000000089200000, 0x0000000089200000, 0x0000000089300000|  0%| F|  |TAMS 0x0000000089200000, 0x0000000089200000| Untracked 
| 147|0x0000000089300000, 0x0000000089300000, 0x0000000089400000|  0%| F|  |TAMS 0x0000000089300000, 0x0000000089300000| Untracked 
| 148|0x0000000089400000, 0x0000000089400000, 0x0000000089500000|  0%| F|  |TAMS 0x0000000089400000, 0x0000000089400000| Untracked 
| 149|0x0000000089500000, 0x0000000089500000, 0x0000000089600000|  0%| F|  |TAMS 0x0000000089500000, 0x0000000089500000| Untracked 
| 150|0x0000000089600000, 0x0000000089600000, 0x0000000089700000|  0%| F|  |TAMS 0x0000000089600000, 0x0000000089600000| Untracked 
| 151|0x0000000089700000, 0x0000000089700000, 0x0000000089800000|  0%| F|  |TAMS 0x0000000089700000, 0x0000000089700000| Untracked 
| 152|0x0000000089800000, 0x0000000089800000, 0x0000000089900000|  0%| F|  |TAMS 0x0000000089800000, 0x0000000089800000| Untracked 
| 153|0x0000000089900000, 0x0000000089900000, 0x0000000089a00000|  0%| F|  |TAMS 0x0000000089900000, 0x0000000089900000| Untracked 
| 154|0x0000000089a00000, 0x0000000089a00000, 0x0000000089b00000|  0%| F|  |TAMS 0x0000000089a00000, 0x0000000089a00000| Untracked 
| 155|0x0000000089b00000, 0x0000000089b00000, 0x0000000089c00000|  0%| F|  |TAMS 0x0000000089b00000, 0x0000000089b00000| Untracked 
| 156|0x0000000089c00000, 0x0000000089c00000, 0x0000000089d00000|  0%| F|  |TAMS 0x0000000089c00000, 0x0000000089c00000| Untracked 
| 157|0x0000000089d00000, 0x0000000089d00000, 0x0000000089e00000|  0%| F|  |TAMS 0x0000000089d00000, 0x0000000089d00000| Untracked 
| 158|0x0000000089e00000, 0x0000000089e00000, 0x0000000089f00000|  0%| F|  |TAMS 0x0000000089e00000, 0x0000000089e00000| Untracked 
| 159|0x0000000089f00000, 0x0000000089f00000, 0x000000008a000000|  0%| F|  |TAMS 0x0000000089f00000, 0x0000000089f00000| Untracked 
| 160|0x000000008a000000, 0x000000008a000000, 0x000000008a100000|  0%| F|  |TAMS 0x000000008a000000, 0x000000008a000000| Untracked 
| 161|0x000000008a100000, 0x000000008a100000, 0x000000008a200000|  0%| F|  |TAMS 0x000000008a100000, 0x000000008a100000| Untracked 
| 162|0x000000008a200000, 0x000000008a200000, 0x000000008a300000|  0%| F|  |TAMS 0x000000008a200000, 0x000000008a200000| Untracked 
| 163|0x000000008a300000, 0x000000008a300000, 0x000000008a400000|  0%| F|  |TAMS 0x000000008a300000, 0x000000008a300000| Untracked 
| 164|0x000000008a400000, 0x000000008a400000, 0x000000008a500000|  0%| F|  |TAMS 0x000000008a400000, 0x000000008a400000| Untracked 
| 165|0x000000008a500000, 0x000000008a500000, 0x000000008a600000|  0%| F|  |TAMS 0x000000008a500000, 0x000000008a500000| Untracked 
| 166|0x000000008a600000, 0x000000008a600000, 0x000000008a700000|  0%| F|  |TAMS 0x000000008a600000, 0x000000008a600000| Untracked 
| 167|0x000000008a700000, 0x000000008a700000, 0x000000008a800000|  0%| F|  |TAMS 0x000000008a700000, 0x000000008a700000| Untracked 
| 168|0x000000008a800000, 0x000000008a800000, 0x000000008a900000|  0%| F|  |TAMS 0x000000008a800000, 0x000000008a800000| Untracked 
| 169|0x000000008a900000, 0x000000008a900000, 0x000000008aa00000|  0%| F|  |TAMS 0x000000008a900000, 0x000000008a900000| Untracked 
| 170|0x000000008aa00000, 0x000000008aa00000, 0x000000008ab00000|  0%| F|  |TAMS 0x000000008aa00000, 0x000000008aa00000| Untracked 
| 171|0x000000008ab00000, 0x000000008ab00000, 0x000000008ac00000|  0%| F|  |TAMS 0x000000008ab00000, 0x000000008ab00000| Untracked 
| 172|0x000000008ac00000, 0x000000008ac00000, 0x000000008ad00000|  0%| F|  |TAMS 0x000000008ac00000, 0x000000008ac00000| Untracked 
| 173|0x000000008ad00000, 0x000000008ad00000, 0x000000008ae00000|  0%| F|  |TAMS 0x000000008ad00000, 0x000000008ad00000| Untracked 
| 174|0x000000008ae00000, 0x000000008ae00000, 0x000000008af00000|  0%| F|  |TAMS 0x000000008ae00000, 0x000000008ae00000| Untracked 
| 175|0x000000008af00000, 0x000000008af00000, 0x000000008b000000|  0%| F|  |TAMS 0x000000008af00000, 0x000000008af00000| Untracked 
| 176|0x000000008b000000, 0x000000008b000000, 0x000000008b100000|  0%| F|  |TAMS 0x000000008b000000, 0x000000008b000000| Untracked 
| 177|0x000000008b100000, 0x000000008b100000, 0x000000008b200000|  0%| F|  |TAMS 0x000000008b100000, 0x000000008b100000| Untracked 
| 178|0x000000008b200000, 0x000000008b200000, 0x000000008b300000|  0%| F|  |TAMS 0x000000008b200000, 0x000000008b200000| Untracked 
| 179|0x000000008b300000, 0x000000008b300000, 0x000000008b400000|  0%| F|  |TAMS 0x000000008b300000, 0x000000008b300000| Untracked 
| 180|0x000000008b400000, 0x000000008b400000, 0x000000008b500000|  0%| F|  |TAMS 0x000000008b400000, 0x000000008b400000| Untracked 
| 181|0x000000008b500000, 0x000000008b500000, 0x000000008b600000|  0%| F|  |TAMS 0x000000008b500000, 0x000000008b500000| Untracked 
| 182|0x000000008b600000, 0x000000008b600000, 0x000000008b700000|  0%| F|  |TAMS 0x000000008b600000, 0x000000008b600000| Untracked 
| 183|0x000000008b700000, 0x000000008b700000, 0x000000008b800000|  0%| F|  |TAMS 0x000000008b700000, 0x000000008b700000| Untracked 
| 184|0x000000008b800000, 0x000000008b800000, 0x000000008b900000|  0%| F|  |TAMS 0x000000008b800000, 0x000000008b800000| Untracked 
| 185|0x000000008b900000, 0x000000008b900000, 0x000000008ba00000|  0%| F|  |TAMS 0x000000008b900000, 0x000000008b900000| Untracked 
| 186|0x000000008ba00000, 0x000000008ba00000, 0x000000008bb00000|  0%| F|  |TAMS 0x000000008ba00000, 0x000000008ba00000| Untracked 
| 187|0x000000008bb00000, 0x000000008bb00000, 0x000000008bc00000|  0%| F|  |TAMS 0x000000008bb00000, 0x000000008bb00000| Untracked 
| 188|0x000000008bc00000, 0x000000008bc00000, 0x000000008bd00000|  0%| F|  |TAMS 0x000000008bc00000, 0x000000008bc00000| Untracked 
| 189|0x000000008bd00000, 0x000000008bd00000, 0x000000008be00000|  0%| F|  |TAMS 0x000000008bd00000, 0x000000008bd00000| Untracked 
| 190|0x000000008be00000, 0x000000008be00000, 0x000000008bf00000|  0%| F|  |TAMS 0x000000008be00000, 0x000000008be00000| Untracked 
| 191|0x000000008bf00000, 0x000000008bf00000, 0x000000008c000000|  0%| F|  |TAMS 0x000000008bf00000, 0x000000008bf00000| Untracked 
| 192|0x000000008c000000, 0x000000008c000000, 0x000000008c100000|  0%| F|  |TAMS 0x000000008c000000, 0x000000008c000000| Untracked 
| 193|0x000000008c100000, 0x000000008c100000, 0x000000008c200000|  0%| F|  |TAMS 0x000000008c100000, 0x000000008c100000| Untracked 
| 194|0x000000008c200000, 0x000000008c200000, 0x000000008c300000|  0%| F|  |TAMS 0x000000008c200000, 0x000000008c200000| Untracked 
| 195|0x000000008c300000, 0x000000008c300000, 0x000000008c400000|  0%| F|  |TAMS 0x000000008c300000, 0x000000008c300000| Untracked 
| 196|0x000000008c400000, 0x000000008c400000, 0x000000008c500000|  0%| F|  |TAMS 0x000000008c400000, 0x000000008c400000| Untracked 
| 197|0x000000008c500000, 0x000000008c500000, 0x000000008c600000|  0%| F|  |TAMS 0x000000008c500000, 0x000000008c500000| Untracked 
| 198|0x000000008c600000, 0x000000008c600000, 0x000000008c700000|  0%| F|  |TAMS 0x000000008c600000, 0x000000008c600000| Untracked 
| 199|0x000000008c700000, 0x000000008c700000, 0x000000008c800000|  0%| F|  |TAMS 0x000000008c700000, 0x000000008c700000| Untracked 
| 200|0x000000008c800000, 0x000000008c800000, 0x000000008c900000|  0%| F|  |TAMS 0x000000008c800000, 0x000000008c800000| Untracked 
| 201|0x000000008c900000, 0x000000008c900000, 0x000000008ca00000|  0%| F|  |TAMS 0x000000008c900000, 0x000000008c900000| Untracked 
| 202|0x000000008ca00000, 0x000000008ca00000, 0x000000008cb00000|  0%| F|  |TAMS 0x000000008ca00000, 0x000000008ca00000| Untracked 
| 203|0x000000008cb00000, 0x000000008cb00000, 0x000000008cc00000|  0%| F|  |TAMS 0x000000008cb00000, 0x000000008cb00000| Untracked 
| 204|0x000000008cc00000, 0x000000008cc00000, 0x000000008cd00000|  0%| F|  |TAMS 0x000000008cc00000, 0x000000008cc00000| Untracked 
| 205|0x000000008cd00000, 0x000000008cd00000, 0x000000008ce00000|  0%| F|  |TAMS 0x000000008cd00000, 0x000000008cd00000| Untracked 
| 206|0x000000008ce00000, 0x000000008ce00000, 0x000000008cf00000|  0%| F|  |TAMS 0x000000008ce00000, 0x000000008ce00000| Untracked 
| 207|0x000000008cf00000, 0x000000008cf00000, 0x000000008d000000|  0%| F|  |TAMS 0x000000008cf00000, 0x000000008cf00000| Untracked 
| 208|0x000000008d000000, 0x000000008d000000, 0x000000008d100000|  0%| F|  |TAMS 0x000000008d000000, 0x000000008d000000| Untracked 
| 209|0x000000008d100000, 0x000000008d100000, 0x000000008d200000|  0%| F|  |TAMS 0x000000008d100000, 0x000000008d100000| Untracked 
| 210|0x000000008d200000, 0x000000008d200000, 0x000000008d300000|  0%| F|  |TAMS 0x000000008d200000, 0x000000008d200000| Untracked 
| 211|0x000000008d300000, 0x000000008d300000, 0x000000008d400000|  0%| F|  |TAMS 0x000000008d300000, 0x000000008d300000| Untracked 
| 212|0x000000008d400000, 0x000000008d400000, 0x000000008d500000|  0%| F|  |TAMS 0x000000008d400000, 0x000000008d400000| Untracked 
| 213|0x000000008d500000, 0x000000008d500000, 0x000000008d600000|  0%| F|  |TAMS 0x000000008d500000, 0x000000008d500000| Untracked 
| 214|0x000000008d600000, 0x000000008d600000, 0x000000008d700000|  0%| F|  |TAMS 0x000000008d600000, 0x000000008d600000| Untracked 
| 215|0x000000008d700000, 0x000000008d700000, 0x000000008d800000|  0%| F|  |TAMS 0x000000008d700000, 0x000000008d700000| Untracked 
| 216|0x000000008d800000, 0x000000008d800000, 0x000000008d900000|  0%| F|  |TAMS 0x000000008d800000, 0x000000008d800000| Untracked 
| 217|0x000000008d900000, 0x000000008d900000, 0x000000008da00000|  0%| F|  |TAMS 0x000000008d900000, 0x000000008d900000| Untracked 
| 218|0x000000008da00000, 0x000000008da00000, 0x000000008db00000|  0%| F|  |TAMS 0x000000008da00000, 0x000000008da00000| Untracked 
| 219|0x000000008db00000, 0x000000008db00000, 0x000000008dc00000|  0%| F|  |TAMS 0x000000008db00000, 0x000000008db00000| Untracked 
| 220|0x000000008dc00000, 0x000000008dc00000, 0x000000008dd00000|  0%| F|  |TAMS 0x000000008dc00000, 0x000000008dc00000| Untracked 
| 221|0x000000008dd00000, 0x000000008dd00000, 0x000000008de00000|  0%| F|  |TAMS 0x000000008dd00000, 0x000000008dd00000| Untracked 
| 222|0x000000008de00000, 0x000000008de00000, 0x000000008df00000|  0%| F|  |TAMS 0x000000008de00000, 0x000000008de00000| Untracked 
| 223|0x000000008df00000, 0x000000008df00000, 0x000000008e000000|  0%| F|  |TAMS 0x000000008df00000, 0x000000008df00000| Untracked 
| 224|0x000000008e000000, 0x000000008e000000, 0x000000008e100000|  0%| F|  |TAMS 0x000000008e000000, 0x000000008e000000| Untracked 
| 225|0x000000008e100000, 0x000000008e100000, 0x000000008e200000|  0%| F|  |TAMS 0x000000008e100000, 0x000000008e100000| Untracked 
| 226|0x000000008e200000, 0x000000008e200000, 0x000000008e300000|  0%| F|  |TAMS 0x000000008e200000, 0x000000008e200000| Untracked 
| 227|0x000000008e300000, 0x000000008e300000, 0x000000008e400000|  0%| F|  |TAMS 0x000000008e300000, 0x000000008e300000| Untracked 
| 228|0x000000008e400000, 0x000000008e400000, 0x000000008e500000|  0%| F|  |TAMS 0x000000008e400000, 0x000000008e400000| Untracked 
| 229|0x000000008e500000, 0x000000008e500000, 0x000000008e600000|  0%| F|  |TAMS 0x000000008e500000, 0x000000008e500000| Untracked 
| 230|0x000000008e600000, 0x000000008e600000, 0x000000008e700000|  0%| F|  |TAMS 0x000000008e600000, 0x000000008e600000| Untracked 
| 231|0x000000008e700000, 0x000000008e700000, 0x000000008e800000|  0%| F|  |TAMS 0x000000008e700000, 0x000000008e700000| Untracked 
| 232|0x000000008e800000, 0x000000008e800000, 0x000000008e900000|  0%| F|  |TAMS 0x000000008e800000, 0x000000008e800000| Untracked 
| 233|0x000000008e900000, 0x000000008e900000, 0x000000008ea00000|  0%| F|  |TAMS 0x000000008e900000, 0x000000008e900000| Untracked 
| 234|0x000000008ea00000, 0x000000008ea00000, 0x000000008eb00000|  0%| F|  |TAMS 0x000000008ea00000, 0x000000008ea00000| Untracked 
| 235|0x000000008eb00000, 0x000000008eb00000, 0x000000008ec00000|  0%| F|  |TAMS 0x000000008eb00000, 0x000000008eb00000| Untracked 
| 236|0x000000008ec00000, 0x000000008ec00000, 0x000000008ed00000|  0%| F|  |TAMS 0x000000008ec00000, 0x000000008ec00000| Untracked 
| 237|0x000000008ed00000, 0x000000008ed00000, 0x000000008ee00000|  0%| F|  |TAMS 0x000000008ed00000, 0x000000008ed00000| Untracked 
| 238|0x000000008ee00000, 0x000000008ee00000, 0x000000008ef00000|  0%| F|  |TAMS 0x000000008ee00000, 0x000000008ee00000| Untracked 
| 239|0x000000008ef00000, 0x000000008ef00000, 0x000000008f000000|  0%| F|  |TAMS 0x000000008ef00000, 0x000000008ef00000| Untracked 
| 240|0x000000008f000000, 0x000000008f000000, 0x000000008f100000|  0%| F|  |TAMS 0x000000008f000000, 0x000000008f000000| Untracked 
| 241|0x000000008f100000, 0x000000008f100000, 0x000000008f200000|  0%| F|  |TAMS 0x000000008f100000, 0x000000008f100000| Untracked 
| 242|0x000000008f200000, 0x000000008f200000, 0x000000008f300000|  0%| F|  |TAMS 0x000000008f200000, 0x000000008f200000| Untracked 
| 243|0x000000008f300000, 0x000000008f300000, 0x000000008f400000|  0%| F|  |TAMS 0x000000008f300000, 0x000000008f300000| Untracked 
| 244|0x000000008f400000, 0x000000008f400000, 0x000000008f500000|  0%| F|  |TAMS 0x000000008f400000, 0x000000008f400000| Untracked 
| 245|0x000000008f500000, 0x000000008f500000, 0x000000008f600000|  0%| F|  |TAMS 0x000000008f500000, 0x000000008f500000| Untracked 
| 246|0x000000008f600000, 0x000000008f600000, 0x000000008f700000|  0%| F|  |TAMS 0x000000008f600000, 0x000000008f600000| Untracked 
| 247|0x000000008f700000, 0x000000008f700000, 0x000000008f800000|  0%| F|  |TAMS 0x000000008f700000, 0x000000008f700000| Untracked 
| 248|0x000000008f800000, 0x000000008f800000, 0x000000008f900000|  0%| F|  |TAMS 0x000000008f800000, 0x000000008f800000| Untracked 
| 249|0x000000008f900000, 0x000000008f900000, 0x000000008fa00000|  0%| F|  |TAMS 0x000000008f900000, 0x000000008f900000| Untracked 
| 250|0x000000008fa00000, 0x000000008fa00000, 0x000000008fb00000|  0%| F|  |TAMS 0x000000008fa00000, 0x000000008fa00000| Untracked 
| 251|0x000000008fb00000, 0x000000008fb00000, 0x000000008fc00000|  0%| F|  |TAMS 0x000000008fb00000, 0x000000008fb00000| Untracked 
| 252|0x000000008fc00000, 0x000000008fc5d4d0, 0x000000008fd00000| 36%| E|  |TAMS 0x000000008fc00000, 0x000000008fc00000| Complete 
| 253|0x000000008fd00000, 0x000000008fe00000, 0x000000008fe00000|100%| E|CS|TAMS 0x000000008fd00000, 0x000000008fd00000| Complete 
| 254|0x000000008fe00000, 0x000000008ff00000, 0x000000008ff00000|100%| E|CS|TAMS 0x000000008fe00000, 0x000000008fe00000| Complete 
| 255|0x000000008ff00000, 0x0000000090000000, 0x0000000090000000|100%| E|CS|TAMS 0x000000008ff00000, 0x000000008ff00000| Complete 

Card table byte_map: [0x00000210a1eb0000,0x00000210a22b0000] _byte_map_base: 0x00000210a1ab0000

Marking Bits (Prev, Next): (CMBitMap*) 0x000002108efed220, (CMBitMap*) 0x000002108efed1e8
 Prev Bits: [0x00000210a46b0000, 0x00000210a66b0000)
 Next Bits: [0x00000210a26b0000, 0x00000210a46b0000)

Polling page: 0x000002108cdf0000

Metaspace:

Usage:
  Non-class:    110.47 MB capacity,   107.40 MB ( 97%) used,     2.51 MB (  2%) free+waste,   574.81 KB ( <1%) overhead. 
      Class:     17.10 MB capacity,    15.38 MB ( 90%) used,     1.48 MB (  9%) free+waste,   251.56 KB (  1%) overhead. 
       Both:    127.57 MB capacity,   122.78 MB ( 96%) used,     3.99 MB (  3%) free+waste,   826.38 KB ( <1%) overhead. 

Virtual space:
  Non-class space:      112.00 MB reserved,     111.79 MB (>99%) committed 
      Class space:        1.00 GB reserved,      17.65 MB (  2%) committed 
             Both:        1.11 GB reserved,     129.43 MB ( 11%) committed 

Chunk freelists:
   Non-Class:  1.25 MB
       Class:  536.00 KB
        Both:  1.77 MB

MaxMetaspaceSize: 17179869184.00 GB
CompressedClassSpaceSize: 1.00 GB

CodeHeap 'non-profiled nmethods': size=120064Kb used=23206Kb max_used=23419Kb free=96857Kb
 bounds [0x000002109a570000, 0x000002109bc60000, 0x00000210a1ab0000]
CodeHeap 'profiled nmethods': size=120000Kb used=55147Kb max_used=57965Kb free=64852Kb
 bounds [0x0000021093040000, 0x0000021096960000, 0x000002109a570000]
CodeHeap 'non-nmethods': size=5696Kb used=2381Kb max_used=2473Kb free=3314Kb
 bounds [0x0000021092ab0000, 0x0000021092d40000, 0x0000021093040000]
 total_blobs=26105 nmethods=25097 adapters=917
 compilation: enabled
              stopped_count=0, restarted_count=0
 full_count=0

Compilation events (20 events):
Event: 20367.349 Thread 0x00000210a9473800 nmethod 30263 0x0000021093497410 code [0x00000210934975e0, 0x0000021093497a78]
Event: 20367.569 Thread 0x00000210a9473800 30264       3       org.gradle.cache.internal.filelock.LockFileAccess::ensureLockState (12 bytes)
Event: 20367.571 Thread 0x00000210a9473800 nmethod 30264 0x00000210934ad790 code [0x00000210934ad9c0, 0x00000210934adfa8]
Event: 20367.571 Thread 0x00000210a9473800 30265       3       org.gradle.cache.internal.filelock.LockStateAccess::ensureLockState (33 bytes)
Event: 20367.572 Thread 0x00000210a9473800 nmethod 30265 0x00000210934acc90 code [0x00000210934acec0, 0x00000210934ad428]
Event: 20367.572 Thread 0x00000210a9473800 30266       3       org.gradle.cache.internal.DefaultProcessMetaDataProvider::getProcessIdentifier (24 bytes)
Event: 20367.572 Thread 0x00000210a9473800 nmethod 30266 0x00000210934aa790 code [0x00000210934aa980, 0x00000210934aadf8]
Event: 20367.666 Thread 0x00000210a9473800 30267       3       groovy.lang.MetaClassImpl::getVersion (11 bytes)
Event: 20367.666 Thread 0x00000210a9473800 nmethod 30267 0x0000021093428810 code [0x00000210934289c0, 0x0000021093428b58]
Event: 20367.666 Thread 0x00000210a9472800 30268       4       org.gradle.internal.reflect.JavaPropertyReflectionUtil::getAnnotation (101 bytes)
Event: 20367.784 Thread 0x00000210a9472800 nmethod 30268 0x000002109ae5a110 code [0x000002109ae5a400, 0x000002109ae5bdc8]
Event: 20367.858 Thread 0x00000210a9473800 30269       3       org.gradle.cache.internal.DefaultCacheScopeMapping::getRootDirectory (122 bytes)
Event: 20367.862 Thread 0x00000210a9473800 nmethod 30269 0x00000210939d9a10 code [0x00000210939d9e00, 0x00000210939dc058]
Event: 20367.894 Thread 0x00000210a9473800 30270       3       org.gradle.cache.internal.DefaultFileLockManager$DefaultFileLock::lockInformationRegion (15 bytes)
Event: 20367.895 Thread 0x00000210a9473800 nmethod 30270 0x00000210934f8690 code [0x00000210934f88a0, 0x00000210934f8e88]
Event: 20367.895 Thread 0x00000210a9473800 30271       3       org.gradle.cache.internal.DefaultFileLockManager$DefaultFileLock$$Lambda$77/0x00000001001c6440::get$Lambda (10 bytes)
Event: 20367.895 Thread 0x00000210a9473800 nmethod 30271 0x000002109344c510 code [0x000002109344c6e0, 0x000002109344c998]
Event: 20367.895 Thread 0x00000210a9473800 30272       3       org.gradle.cache.internal.DefaultFileLockManager$DefaultFileLock$$Lambda$77/0x00000001001c6440::<init> (15 bytes)
Event: 20367.895 Thread 0x00000210a9473800 nmethod 30272 0x000002109348bb10 code [0x000002109348bcc0, 0x000002109348bed8]
Event: 20367.986 Thread 0x00000210a9472800 30273       4       org.gradle.api.internal.artifacts.ivyservice.modulecache.ModuleMetadataCacheEntry::configure (17 bytes)

GC Heap History (20 events):
Event: 8039.323 GC heap before
{Heap before GC invocations=43 (full 0):
 garbage-first heap   total 262144K, used 224649K [0x0000000080000000, 0x0000000100000000)
  region size 1024K, 107 young (109568K), 8 survivors (8192K)
 Metaspace       used 126328K, capacity 131789K, committed 132028K, reserved 1163264K
  class space    used 16010K, capacity 17989K, committed 18072K, reserved 1048576K
}
Event: 8039.350 GC heap after
{Heap after GC invocations=44 (full 0):
 garbage-first heap   total 262144K, used 113026K [0x0000000080000000, 0x0000000100000000)
  region size 1024K, 8 young (8192K), 8 survivors (8192K)
 Metaspace       used 126328K, capacity 131789K, committed 132028K, reserved 1163264K
  class space    used 16010K, capacity 17989K, committed 18072K, reserved 1048576K
}
Event: 8078.507 GC heap before
{Heap before GC invocations=44 (full 0):
 garbage-first heap   total 262144K, used 224642K [0x0000000080000000, 0x0000000100000000)
  region size 1024K, 106 young (108544K), 8 survivors (8192K)
 Metaspace       used 126366K, capacity 131791K, committed 132028K, reserved 1163264K
  class space    used 16010K, capacity 17989K, committed 18072K, reserved 1048576K
}
Event: 8078.517 GC heap after
{Heap after GC invocations=45 (full 0):
 garbage-first heap   total 262144K, used 108875K [0x0000000080000000, 0x0000000100000000)
  region size 1024K, 4 young (4096K), 4 survivors (4096K)
 Metaspace       used 126366K, capacity 131791K, committed 132028K, reserved 1163264K
  class space    used 16010K, capacity 17989K, committed 18072K, reserved 1048576K
}
Event: 9392.926 GC heap before
{Heap before GC invocations=45 (full 0):
 garbage-first heap   total 262144K, used 227659K [0x0000000080000000, 0x0000000100000000)
  region size 1024K, 109 young (111616K), 4 survivors (4096K)
 Metaspace       used 126400K, capacity 131922K, committed 132028K, reserved 1163264K
  class space    used 16010K, capacity 17989K, committed 18072K, reserved 1048576K
}
Event: 9392.935 GC heap after
{Heap after GC invocations=46 (full 0):
 garbage-first heap   total 262144K, used 107334K [0x0000000080000000, 0x0000000100000000)
  region size 1024K, 3 young (3072K), 3 survivors (3072K)
 Metaspace       used 126400K, capacity 131922K, committed 132028K, reserved 1163264K
  class space    used 16010K, capacity 17989K, committed 18072K, reserved 1048576K
}
Event: 10511.004 GC heap before
{Heap before GC invocations=46 (full 0):
 garbage-first heap   total 262144K, used 229190K [0x0000000080000000, 0x0000000100000000)
  region size 1024K, 111 young (113664K), 3 survivors (3072K)
 Metaspace       used 126505K, capacity 131989K, committed 132284K, reserved 1163264K
  class space    used 16010K, capacity 17989K, committed 18072K, reserved 1048576K
}
Event: 10511.008 GC heap after
{Heap after GC invocations=47 (full 0):
 garbage-first heap   total 262144K, used 105689K [0x0000000080000000, 0x0000000100000000)
  region size 1024K, 1 young (1024K), 1 survivors (1024K)
 Metaspace       used 126505K, capacity 131989K, committed 132284K, reserved 1163264K
  class space    used 16010K, capacity 17989K, committed 18072K, reserved 1048576K
}
Event: 14111.017 GC heap before
{Heap before GC invocations=47 (full 0):
 garbage-first heap   total 262144K, used 172249K [0x0000000080000000, 0x0000000100000000)
  region size 1024K, 67 young (68608K), 1 survivors (1024K)
 Metaspace       used 126543K, capacity 132044K, committed 132284K, reserved 1163264K
  class space    used 16019K, capacity 18006K, committed 18072K, reserved 1048576K
}
Event: 14112.009 GC heap after
{Heap after GC invocations=48 (full 1):
 garbage-first heap   total 262144K, used 77984K [0x0000000080000000, 0x0000000100000000)
  region size 1024K, 0 young (0K), 0 survivors (0K)
 Metaspace       used 125455K, capacity 130342K, committed 132284K, reserved 1163264K
  class space    used 15757K, capacity 17515K, committed 18072K, reserved 1048576K
}
Event: 17718.532 GC heap before
{Heap before GC invocations=48 (full 1):
 garbage-first heap   total 262144K, used 215200K [0x0000000080000000, 0x0000000100000000)
  region size 1024K, 136 young (139264K), 0 survivors (0K)
 Metaspace       used 125570K, capacity 130463K, committed 132284K, reserved 1163264K
  class space    used 15776K, capacity 17579K, committed 18072K, reserved 1048576K
}
Event: 17718.906 GC heap after
{Heap after GC invocations=49 (full 2):
 garbage-first heap   total 262144K, used 85109K [0x0000000080000000, 0x0000000100000000)
  region size 1024K, 0 young (0K), 0 survivors (0K)
 Metaspace       used 125196K, capacity 129880K, committed 132284K, reserved 1163264K
  class space    used 15708K, capacity 17450K, committed 18072K, reserved 1048576K
}
Event: 17822.645 GC heap before
{Heap before GC invocations=49 (full 2):
 garbage-first heap   total 262144K, used 230517K [0x0000000080000000, 0x0000000100000000)
  region size 1024K, 131 young (134144K), 0 survivors (0K)
 Metaspace       used 125506K, capacity 130350K, committed 132284K, reserved 1163264K
  class space    used 15738K, capacity 17505K, committed 18072K, reserved 1048576K
}
Event: 17822.664 GC heap after
{Heap after GC invocations=50 (full 2):
 garbage-first heap   total 262144K, used 88546K [0x0000000080000000, 0x0000000100000000)
  region size 1024K, 4 young (4096K), 4 survivors (4096K)
 Metaspace       used 125506K, capacity 130350K, committed 132284K, reserved 1163264K
  class space    used 15738K, capacity 17505K, committed 18072K, reserved 1048576K
}
Event: 17849.957 GC heap before
{Heap before GC invocations=50 (full 2):
 garbage-first heap   total 262144K, used 218594K [0x0000000080000000, 0x0000000100000000)
  region size 1024K, 132 young (135168K), 4 survivors (4096K)
 Metaspace       used 125574K, capacity 130417K, committed 132284K, reserved 1163264K
  class space    used 15739K, capacity 17505K, committed 18072K, reserved 1048576K
}
Event: 17849.999 GC heap after
{Heap after GC invocations=51 (full 2):
 garbage-first heap   total 262144K, used 96373K [0x0000000080000000, 0x0000000100000000)
  region size 1024K, 11 young (11264K), 11 survivors (11264K)
 Metaspace       used 125574K, capacity 130417K, committed 132284K, reserved 1163264K
  class space    used 15739K, capacity 17505K, committed 18072K, reserved 1048576K
}
Event: 19652.178 GC heap before
{Heap before GC invocations=51 (full 2):
 garbage-first heap   total 262144K, used 229493K [0x0000000080000000, 0x0000000100000000)
  region size 1024K, 130 young (133120K), 11 survivors (11264K)
 Metaspace       used 125676K, capacity 130547K, committed 132540K, reserved 1163264K
  class space    used 15740K, capacity 17505K, committed 18072K, reserved 1048576K
}
Event: 19652.406 GC heap after
{Heap after GC invocations=52 (full 2):
 garbage-first heap   total 262144K, used 95829K [0x0000000080000000, 0x0000000100000000)
  region size 1024K, 9 young (9216K), 9 survivors (9216K)
 Metaspace       used 125676K, capacity 130547K, committed 132540K, reserved 1163264K
  class space    used 15740K, capacity 17505K, committed 18072K, reserved 1048576K
}
Event: 20368.128 GC heap before
{Heap before GC invocations=52 (full 2):
 garbage-first heap   total 262144K, used 225877K [0x0000000080000000, 0x0000000100000000)
  region size 1024K, 125 young (128000K), 9 survivors (9216K)
 Metaspace       used 125725K, capacity 130635K, committed 132540K, reserved 1163264K
  class space    used 15745K, capacity 17512K, committed 18072K, reserved 1048576K
}
Event: 20368.235 GC heap after
{Heap after GC invocations=53 (full 2):
 garbage-first heap   total 262144K, used 90138K [0x0000000080000000, 0x0000000100000000)
  region size 1024K, 3 young (3072K), 3 survivors (3072K)
 Metaspace       used 125725K, capacity 130635K, committed 132540K, reserved 1163264K
  class space    used 15745K, capacity 17512K, committed 18072K, reserved 1048576K
}

Deoptimization events (20 events):
Event: 19653.188 Thread 0x00000210aefaf800 Uncommon trap: trap_request=0xffffffde fr.pc=0x000002109b62a820 relative=0x00000000000000e0
Event: 19653.188 Thread 0x00000210aefaf800 Uncommon trap: reason=class_check action=maybe_recompile pc=0x000002109b62a820 method=com.android.tools.r8.internal.KI0.b(Ljava/util/function/Predicate;)Lcom/android/tools/r8/internal/Cp1; @ 18 c2
Event: 19653.188 Thread 0x00000210aefaf800 DEOPT PACKING pc=0x000002109b62a820 sp=0x000000a059dfd2a0
Event: 19653.188 Thread 0x00000210aefaf800 DEOPT UNPACKING pc=0x0000021092ad662f sp=0x000000a059dfd238 mode 2
Event: 19653.188 Thread 0x00000210aefaf800 Uncommon trap: trap_request=0xffffffde fr.pc=0x000002109b14e110 relative=0x00000000000005d0
Event: 19653.188 Thread 0x00000210aefaf800 Uncommon trap: reason=class_check action=maybe_recompile pc=0x000002109b14e110 method=com.android.tools.r8.internal.KI0.b(Ljava/util/function/Function;Lcom/android/tools/r8/internal/yp1;Lcom/android/tools/r8/internal/zp1;)Lcom/android/tools/r8/internal/Cp
Event: 19653.188 Thread 0x00000210aefaf800 DEOPT PACKING pc=0x000002109b14e110 sp=0x000000a059dfd1c0
Event: 19653.188 Thread 0x00000210aefaf800 DEOPT UNPACKING pc=0x0000021092ad662f sp=0x000000a059dfd150 mode 2
Event: 19653.188 Thread 0x00000210aefaf800 Uncommon trap: trap_request=0xffffff7e fr.pc=0x000002109b14b4a0 relative=0x0000000000000820
Event: 19653.188 Thread 0x00000210aefaf800 Uncommon trap: reason=predicate action=maybe_recompile pc=0x000002109b14b4a0 method=com.android.tools.r8.internal.LI0.a(Ljava/util/Iterator;Ljava/util/Iterator;Lcom/android/tools/r8/internal/yp1;)I @ 5 c2
Event: 19653.188 Thread 0x00000210aefaf800 DEOPT PACKING pc=0x000002109b14b4a0 sp=0x000000a059dfd0f0
Event: 19653.188 Thread 0x00000210aefaf800 DEOPT UNPACKING pc=0x0000021092ad662f sp=0x000000a059dfd0d8 mode 2
Event: 19653.206 Thread 0x00000210aefaf800 DEOPT PACKING pc=0x00000210936603e1 sp=0x000000a059dfcb50
Event: 19653.206 Thread 0x00000210aefaf800 DEOPT UNPACKING pc=0x0000021092ad6dde sp=0x000000a059dfc040 mode 0
Event: 19653.890 Thread 0x00000210b20d0000 Uncommon trap: trap_request=0xffffff4d fr.pc=0x000002109acd1bb0 relative=0x0000000000000670
Event: 19653.890 Thread 0x00000210b20d0000 Uncommon trap: reason=unstable_if action=reinterpret pc=0x000002109acd1bb0 method=java.util.concurrent.locks.AbstractQueuedSynchronizer.findNodeFromTail(Ljava/util/concurrent/locks/AbstractQueuedSynchronizer$Node;)Z @ 7 c2
Event: 19653.890 Thread 0x00000210b20d0000 DEOPT PACKING pc=0x000002109acd1bb0 sp=0x000000a0561fe470
Event: 19653.890 Thread 0x00000210b20d0000 DEOPT UNPACKING pc=0x0000021092ad662f sp=0x000000a0561fe330 mode 2
Event: 19654.002 Thread 0x00000210aefad000 DEOPT PACKING pc=0x00000210936603e1 sp=0x000000a059ffcd10
Event: 19654.002 Thread 0x00000210aefad000 DEOPT UNPACKING pc=0x0000021092ad6dde sp=0x000000a059ffc200 mode 0

Classes redefined (0 events):
No events

Internal exceptions (20 events):
Event: 19653.338 Thread 0x00000210aefaf800 Exception <a 'sun/nio/fs/WindowsException'{0x000000008b1c17e0}> (0x000000008b1c17e0) thrown at [./src/hotspot/share/prims/jni.cpp, line 615]
Event: 19653.340 Thread 0x00000210aefac800 Exception <a 'sun/nio/fs/WindowsException'{0x000000008b1cd190}> (0x000000008b1cd190) thrown at [./src/hotspot/share/prims/jni.cpp, line 615]
Event: 19653.343 Thread 0x00000210aefac800 Exception <a 'sun/nio/fs/WindowsException'{0x000000008b1d7638}> (0x000000008b1d7638) thrown at [./src/hotspot/share/prims/jni.cpp, line 615]
Event: 19653.344 Thread 0x00000210aefac800 Exception <a 'sun/nio/fs/WindowsException'{0x000000008b1dfff0}> (0x000000008b1dfff0) thrown at [./src/hotspot/share/prims/jni.cpp, line 615]
Event: 19653.347 Thread 0x00000210aefac800 Exception <a 'sun/nio/fs/WindowsException'{0x000000008b0c98b8}> (0x000000008b0c98b8) thrown at [./src/hotspot/share/prims/jni.cpp, line 615]
Event: 19653.349 Thread 0x00000210aefac800 Exception <a 'sun/nio/fs/WindowsException'{0x000000008b0d1f98}> (0x000000008b0d1f98) thrown at [./src/hotspot/share/prims/jni.cpp, line 615]
Event: 19653.352 Thread 0x00000210aefac800 Exception <a 'sun/nio/fs/WindowsException'{0x000000008afc11a0}> (0x000000008afc11a0) thrown at [./src/hotspot/share/prims/jni.cpp, line 615]
Event: 19653.353 Thread 0x00000210aefaf800 Exception <a 'sun/nio/fs/WindowsException'{0x000000008b1c9660}> (0x000000008b1c9660) thrown at [./src/hotspot/share/prims/jni.cpp, line 615]
Event: 19653.354 Thread 0x00000210aefac800 Exception <a 'sun/nio/fs/WindowsException'{0x000000008afcac50}> (0x000000008afcac50) thrown at [./src/hotspot/share/prims/jni.cpp, line 615]
Event: 19653.357 Thread 0x00000210aefaf800 Exception <a 'sun/nio/fs/WindowsException'{0x000000008aecc6f0}> (0x000000008aecc6f0) thrown at [./src/hotspot/share/prims/jni.cpp, line 615]
Event: 19653.357 Thread 0x00000210aefac800 Exception <a 'sun/nio/fs/WindowsException'{0x000000008aec6c58}> (0x000000008aec6c58) thrown at [./src/hotspot/share/prims/jni.cpp, line 615]
Event: 19653.360 Thread 0x00000210aefac800 Exception <a 'sun/nio/fs/WindowsException'{0x000000008aedb6e0}> (0x000000008aedb6e0) thrown at [./src/hotspot/share/prims/jni.cpp, line 615]
Event: 19653.365 Thread 0x00000210aefac800 Exception <a 'sun/nio/fs/WindowsException'{0x000000008adc0728}> (0x000000008adc0728) thrown at [./src/hotspot/share/prims/jni.cpp, line 615]
Event: 19653.368 Thread 0x00000210aefac800 Exception <a 'sun/nio/fs/WindowsException'{0x000000008add3bc8}> (0x000000008add3bc8) thrown at [./src/hotspot/share/prims/jni.cpp, line 615]
Event: 19653.372 Thread 0x00000210aefac800 Exception <a 'sun/nio/fs/WindowsException'{0x000000008adf6608}> (0x000000008adf6608) thrown at [./src/hotspot/share/prims/jni.cpp, line 615]
Event: 19653.944 Thread 0x00000210aefad000 Exception <a 'sun/nio/fs/WindowsException'{0x000000008a9db858}> (0x000000008a9db858) thrown at [./src/hotspot/share/prims/jni.cpp, line 615]
Event: 19654.088 Thread 0x00000210aefad000 Exception <a 'sun/nio/fs/WindowsException'{0x000000008a203728}> (0x000000008a203728) thrown at [./src/hotspot/share/prims/jni.cpp, line 615]
Event: 19654.369 Thread 0x00000210b20c5000 Exception <a 'sun/nio/fs/WindowsException'{0x000000008a05c2a8}> (0x000000008a05c2a8) thrown at [./src/hotspot/share/prims/jni.cpp, line 615]
Event: 19654.369 Thread 0x00000210b20c5000 Exception <a 'sun/nio/fs/WindowsException'{0x000000008a05c418}> (0x000000008a05c418) thrown at [./src/hotspot/share/prims/jni.cpp, line 615]
Event: 19654.369 Thread 0x00000210b20c5000 Exception <a 'sun/nio/fs/WindowsException'{0x000000008a05dd80}> (0x000000008a05dd80) thrown at [./src/hotspot/share/prims/jni.cpp, line 615]

Events (20 events):
Event: 20311.170 Thread 0x00000210aefa7800 Thread exited: 0x00000210aefa7800
Event: 20367.269 Thread 0x00000210aefa6800 Thread added: 0x00000210aefa6800
Event: 20367.285 Thread 0x00000210aefa9000 Thread added: 0x00000210aefa9000
Event: 20367.311 Thread 0x00000210aefa6000 Thread added: 0x00000210aefa6000
Event: 20367.335 Thread 0x00000210aefa4000 Thread added: 0x00000210aefa4000
Event: 20367.342 Executing VM operation: RevokeBias
Event: 20367.342 Executing VM operation: RevokeBias done
Event: 20367.346 Thread 0x00000210aefaa800 Thread added: 0x00000210aefaa800
Event: 20367.348 Thread 0x00000210aefaa000 Thread added: 0x00000210aefaa000
Event: 20367.349 Thread 0x00000210aefa5000 Thread added: 0x00000210aefa5000
Event: 20367.357 Thread 0x00000210aefad000 Thread added: 0x00000210aefad000
Event: 20367.544 Thread 0x00000210aefab800 Thread added: 0x00000210aefab800
Event: 20367.558 Thread 0x00000210aefac800 Thread added: 0x00000210aefac800
Event: 20367.584 Thread 0x00000210aefa7800 Thread added: 0x00000210aefa7800
Event: 20367.621 Thread 0x00000210aefae000 Thread added: 0x00000210aefae000
Event: 20367.866 Thread 0x00000210aefa8800 Thread added: 0x00000210aefa8800
Event: 20368.128 Executing VM operation: G1CollectForAllocation
Event: 20368.235 Executing VM operation: G1CollectForAllocation done
Event: 20368.235 Executing VM operation: RevokeBias
Event: 20368.236 Executing VM operation: RevokeBias done


Dynamic libraries:
0x00007ff757170000 - 0x00007ff75717a000 	D:\Android\jre\bin\java.exe
0x00007ffe68a90000 - 0x00007ffe68c85000 	C:\WINDOWS\SYSTEM32\ntdll.dll
0x00007ffe68690000 - 0x00007ffe6874e000 	C:\WINDOWS\System32\KERNEL32.DLL
0x00007ffe667d0000 - 0x00007ffe66a98000 	C:\WINDOWS\System32\KERNELBASE.dll
0x00007ffe66430000 - 0x00007ffe66530000 	C:\WINDOWS\System32\ucrtbase.dll
0x00007ffe4cf70000 - 0x00007ffe4cf89000 	D:\Android\jre\bin\jli.dll
0x00007ffe50b90000 - 0x00007ffe50ba7000 	D:\Android\jre\bin\VCRUNTIME140.dll
0x00007ffe68340000 - 0x00007ffe684e0000 	C:\WINDOWS\System32\USER32.dll
0x00007ffe66400000 - 0x00007ffe66422000 	C:\WINDOWS\System32\win32u.dll
0x00007ffe585e0000 - 0x00007ffe5887a000 	C:\WINDOWS\WinSxS\amd64_microsoft.windows.common-controls_6595b64144ccf1df_6.0.19041.1110_none_60b5254171f9507e\COMCTL32.dll
0x00007ffe684e0000 - 0x00007ffe6857e000 	C:\WINDOWS\System32\msvcrt.dll
0x00007ffe68a20000 - 0x00007ffe68a4b000 	C:\WINDOWS\System32\GDI32.dll
0x00007ffe66240000 - 0x00007ffe6634b000 	C:\WINDOWS\System32\gdi32full.dll
0x00007ffe66530000 - 0x00007ffe665cd000 	C:\WINDOWS\System32\msvcp_win.dll
0x00007ffe67a00000 - 0x00007ffe67a30000 	C:\WINDOWS\System32\IMM32.DLL
0x00007ffe26aa0000 - 0x00007ffe26b3d000 	D:\Android\jre\bin\msvcp140.dll
0x00007ffe0bc00000 - 0x00007ffe0c6d5000 	D:\Android\jre\bin\server\jvm.dll
0x00007ffe67030000 - 0x00007ffe670de000 	C:\WINDOWS\System32\ADVAPI32.dll
0x00007ffe67a90000 - 0x00007ffe67b2c000 	C:\WINDOWS\System32\sechost.dll
0x00007ffe67c10000 - 0x00007ffe67d35000 	C:\WINDOWS\System32\RPCRT4.dll
0x00007ffe68250000 - 0x00007ffe68258000 	C:\WINDOWS\System32\PSAPI.DLL
0x00007ffe51950000 - 0x00007ffe51959000 	C:\WINDOWS\SYSTEM32\WSOCK32.dll
0x00007ffe596b0000 - 0x00007ffe596d7000 	C:\WINDOWS\SYSTEM32\WINMM.dll
0x00007ffe67d50000 - 0x00007ffe67dbb000 	C:\WINDOWS\System32\WS2_32.dll
0x00007ffe59f40000 - 0x00007ffe59f4a000 	C:\WINDOWS\SYSTEM32\VERSION.dll
0x00007ffe640c0000 - 0x00007ffe640d2000 	C:\WINDOWS\SYSTEM32\kernel.appcore.dll
0x00007ffe4a110000 - 0x00007ffe4a121000 	D:\Android\jre\bin\verify.dll
0x00007ffe59b60000 - 0x00007ffe59d44000 	C:\WINDOWS\SYSTEM32\DBGHELP.DLL
0x00007ffe59b30000 - 0x00007ffe59b5c000 	C:\WINDOWS\SYSTEM32\dbgcore.DLL
0x00007ffe661b0000 - 0x00007ffe66232000 	C:\WINDOWS\System32\bcryptPrimitives.dll
0x00007ffe35e70000 - 0x00007ffe35e99000 	D:\Android\jre\bin\java.dll
0x00007ffe514c0000 - 0x00007ffe514cb000 	D:\Android\jre\bin\jimage.dll
0x00007ffe43440000 - 0x00007ffe43458000 	D:\Android\jre\bin\zip.dll
0x00007ffe67200000 - 0x00007ffe67944000 	C:\WINDOWS\System32\SHELL32.dll
0x00007ffe642c0000 - 0x00007ffe64a54000 	C:\WINDOWS\SYSTEM32\windows.storage.dll
0x00007ffe66cd0000 - 0x00007ffe67024000 	C:\WINDOWS\System32\combase.dll
0x00007ffe65c10000 - 0x00007ffe65c3c000 	C:\WINDOWS\SYSTEM32\Wldp.dll
0x00007ffe66af0000 - 0x00007ffe66b9d000 	C:\WINDOWS\System32\SHCORE.dll
0x00007ffe67140000 - 0x00007ffe67195000 	C:\WINDOWS\System32\shlwapi.dll
0x00007ffe660f0000 - 0x00007ffe6610f000 	C:\WINDOWS\SYSTEM32\profapi.dll
0x00007ffe3a840000 - 0x00007ffe3a85a000 	D:\Android\jre\bin\net.dll
0x00007ffe58050000 - 0x00007ffe58159000 	C:\WINDOWS\SYSTEM32\WINHTTP.dll
0x00007ffe65900000 - 0x00007ffe6596a000 	C:\WINDOWS\system32\mswsock.dll
0x00007ffe33cf0000 - 0x00007ffe33d04000 	D:\Android\jre\bin\nio.dll
0x00007ffe4d290000 - 0x00007ffe4d2b7000 	C:\Users\User\.gradle\native\e1d6ef7f7dcc3fd88c89a11ec53ec762bb8ba0a96d01ffa2cd45eb1d1d8dd5c5\windows-amd64\native-platform.dll
0x00007ffe26950000 - 0x00007ffe26a94000 	C:\Users\User\.gradle\native\5664cfc778a61ccfe75a443a1ab52a65af34e5dc3c78e0209fed803814484fcb\windows-amd64\native-platform-file-events.dll
0x00007ffe50930000 - 0x00007ffe5093a000 	D:\Android\jre\bin\management.dll
0x00007ffe41420000 - 0x00007ffe4142d000 	D:\Android\jre\bin\management_ext.dll
0x00007ffe65b60000 - 0x00007ffe65b78000 	C:\WINDOWS\SYSTEM32\CRYPTSP.dll
0x00007ffe65220000 - 0x00007ffe65254000 	C:\WINDOWS\system32\rsaenh.dll
0x00007ffe665d0000 - 0x00007ffe665f7000 	C:\WINDOWS\System32\bcrypt.dll
0x00007ffe66070000 - 0x00007ffe6609e000 	C:\WINDOWS\SYSTEM32\USERENV.dll
0x00007ffe65b80000 - 0x00007ffe65b8c000 	C:\WINDOWS\SYSTEM32\CRYPTBASE.dll
0x00007ffe65590000 - 0x00007ffe655cb000 	C:\WINDOWS\SYSTEM32\IPHLPAPI.DLL
0x00007ffe68330000 - 0x00007ffe68338000 	C:\WINDOWS\System32\NSI.dll
0x00007ffe59e90000 - 0x00007ffe59ea7000 	C:\WINDOWS\SYSTEM32\dhcpcsvc6.DLL
0x00007ffe59e50000 - 0x00007ffe59e6d000 	C:\WINDOWS\SYSTEM32\dhcpcsvc.DLL
0x00007ffe655d0000 - 0x00007ffe6569a000 	C:\WINDOWS\SYSTEM32\DNSAPI.dll
0x00007ffe61850000 - 0x00007ffe6186e000 	C:\Users\User\AppData\Local\Temp\native-platform4395171161064123997dir\native-platform.dll
0x00007ffe60c40000 - 0x00007ffe60c48000 	D:\Android\jre\bin\rmi.dll
0x00007ffe4add0000 - 0x00007ffe4ade7000 	C:\WINDOWS\system32\napinsp.dll
0x00007ffe4ad70000 - 0x00007ffe4ad8b000 	C:\WINDOWS\system32\pnrpnsp.dll
0x00007ffe4ad50000 - 0x00007ffe4ad65000 	C:\WINDOWS\system32\wshbth.dll
0x00007ffe61bf0000 - 0x00007ffe61c0d000 	C:\WINDOWS\system32\NLAapi.dll
0x00007ffe4ad30000 - 0x00007ffe4ad42000 	C:\WINDOWS\System32\winrnr.dll
0x00007ffe57ff0000 - 0x00007ffe57ffa000 	C:\Windows\System32\rasadhlp.dll
0x00007ffe57ef0000 - 0x00007ffe57f6f000 	C:\WINDOWS\System32\fwpuclnt.dll

dbghelp: loaded successfully - version: 4.0.5 - missing functions: none
symbol engine: initialized successfully - sym options: 0x614 - pdb path: .;D:\Android\jre\bin;C:\WINDOWS\SYSTEM32;C:\WINDOWS\WinSxS\amd64_microsoft.windows.common-controls_6595b64144ccf1df_6.0.19041.1110_none_60b5254171f9507e;D:\Android\jre\bin\server;C:\Users\User\.gradle\native\e1d6ef7f7dcc3fd88c89a11ec53ec762bb8ba0a96d01ffa2cd45eb1d1d8dd5c5\windows-amd64;C:\Users\User\.gradle\native\5664cfc778a61ccfe75a443a1ab52a65af34e5dc3c78e0209fed803814484fcb\windows-amd64;C:\Users\User\AppData\Local\Temp\native-platform4395171161064123997dir

VM Arguments:
jvm_args: --add-opens=java.base/java.util=ALL-UNNAMED --add-opens=java.base/java.lang=ALL-UNNAMED --add-opens=java.base/java.lang.invoke=ALL-UNNAMED --add-opens=java.base/java.util=ALL-UNNAMED --add-opens=java.prefs/java.util.prefs=ALL-UNNAMED --add-opens=java.prefs/java.util.prefs=ALL-UNNAMED --add-opens=java.base/java.nio.charset=ALL-UNNAMED --add-opens=java.base/java.net=ALL-UNNAMED --add-opens=java.base/java.util.concurrent.atomic=ALL-UNNAMED -Xmx2048m -Dfile.encoding=UTF-8 -Duser.country=US -Duser.language=en -Duser.variant 
java_command: org.gradle.launcher.daemon.bootstrap.GradleDaemon 7.2
java_class_path (initial): C:\Users\User\.gradle\wrapper\dists\gradle-7.2-bin\2dnblmf4td7x66yl1d74lt32g\gradle-7.2\lib\gradle-launcher-7.2.jar
Launcher Type: SUN_STANDARD

[Global flags]
     intx CICompilerCount                          = 3                                         {product} {ergonomic}
     uint ConcGCThreads                            = 1                                         {product} {ergonomic}
     uint G1ConcRefinementThreads                  = 4                                         {product} {ergonomic}
   size_t G1HeapRegionSize                         = 1048576                                   {product} {ergonomic}
    uintx GCDrainStackTargetSize                   = 64                                        {product} {ergonomic}
   size_t InitialHeapSize                          = 268435456                                 {product} {ergonomic}
   size_t MarkStackSize                            = 4194304                                   {product} {ergonomic}
   size_t MaxHeapSize                              = 2147483648                                {product} {command line}
   size_t MaxNewSize                               = 1287651328                                {product} {ergonomic}
   size_t MinHeapDeltaBytes                        = 1048576                                   {product} {ergonomic}
    uintx NonNMethodCodeHeapSize                   = 5830732                                {pd product} {ergonomic}
    uintx NonProfiledCodeHeapSize                  = 122913754                              {pd product} {ergonomic}
    uintx ProfiledCodeHeapSize                     = 122913754                              {pd product} {ergonomic}
    uintx ReservedCodeCacheSize                    = 251658240                              {pd product} {ergonomic}
     bool SegmentedCodeCache                       = true                                      {product} {ergonomic}
     bool UseCompressedClassPointers               = true                                 {lp64_product} {ergonomic}
     bool UseCompressedOops                        = true                                 {lp64_product} {ergonomic}
     bool UseG1GC                                  = true                                      {product} {ergonomic}
     bool UseLargePagesIndividualAllocation        = false                                  {pd product} {ergonomic}

Logging:
Log output configuration:
 #0: stdout all=warning uptime,level,tags
 #1: stderr all=off uptime,level,tags

Environment Variables:
JAVA_HOME=D:\Android\jre
PATH=C:\Program Files\Microsoft MPI\Bin\;C:\Windows\system32;C:\Windows;C:\Windows\System32\Wbem;C:\Windows\System32\WindowsPowerShell\v1.0\;C:\Program Files\7-Zip;C:\WINDOWS\system32;C:\WINDOWS;C:\WINDOWS\System32\Wbem;C:\WINDOWS\System32\WindowsPowerShell\v1.0\;C:\WINDOWS\System32\OpenSSH\;C:\Program Files\Git\cmd;C:\Users\User\Downloads\php-7.2.20-nts-Win32-VC15-x64;C:\Program Files (x86)\GnuWin32\bin;C:\Program Files\MATLAB\R2016b\runtime\win64;C:\Program Files\MATLAB\R2016b\bin;C:\Program Files\Common Files\Autodesk Shared\;D:\MPLAB\MPLAB C32 Suite\bin;D:\Android\jre\bin;C:\Program Files (x86)\Microsoft SQL Server\130\Tools\Binn\;C:\Program Files\Microsoft SQL Server\130\Tools\Binn\;C:\Program Files (x86)\Microsoft SQL Server\130\DTS\Binn\;C:\Program Files\Microsoft SQL Server\130\DTS\Binn\;C:\Program Files\Microsoft SQL Server\Client SDK\ODBC\130\Tools\Binn\;C:\Program Files (x86)\Microsoft SQL Server\150\DTS\Binn\;C:\Program Files\Azure Data Studio\bin;C:\Program Files (x86)\Microsoft SQL Server Migration Assistant for Access\bin\;C:\Users\User\AppData\Local\Programs\Python\Python310\Scripts\;C:\Users\User\AppData\Local\Programs\Python\Python310\;D:\OrCad\OpenAccess\bin\win32\opt;D:\OrCad\tools\pcb\bin;D:\OrCad\tools\fet\bin;D:\OrCad\tools\Capture;D:\OrCad\tools\PSpice;D:\OrCad\tools\specctra\bin;D:\OrCad\tools\bin;C:\Users\User\AppData\Local\Microsoft\WindowsApps;;;D:\flutter\bin;C:\Program Files\Azure Data Studio\bin;D:\Exercicm;D:\Microsoft VS Code\bin
USERNAME=User
OS=Windows_NT
PROCESSOR_IDENTIFIER=Intel64 Family 6 Model 78 Stepping 3, GenuineIntel



---------------  S Y S T E M  ---------------

OS: Windows 10 , 64 bit Build 19041 (10.0.19041.1566)
OS uptime: 3 days 4:43 hours

CPU:total 4 (initial active 4) (2 cores per cpu, 2 threads per core) family 6 model 78 stepping 3 microcode 0xcc, cmov, cx8, fxsr, mmx, sse, sse2, sse3, ssse3, sse4.1, sse4.2, popcnt, avx, avx2, aes, clmul, erms, 3dnowpref, lzcnt, ht, tsc, tscinvbit, bmi1, bmi2, adx, fma

Memory: 4k page, system-wide physical 16257M (3734M free)
TotalPageFile size 18305M (AvailPageFile size 6M)
current process WorkingSet (physical memory assigned to process): 444M, peak: 586M
current process commit charge ("private bytes"): 666M, peak: 706M

vm_info: OpenJDK 64-Bit Server VM (11.0.11+9-b60-7590822) for windows-amd64 JRE (11.0.11+9-b60-7590822), built on Jul 29 2021 21:43:44 by "builder" with MS VC++ 14.0 (VS2015)

END.
